Terminals which are not used

   DRAWERSTART
   DRAWERKEY
   DRAWERVALUE
   DRAWEREND


Grammar

    0 $accept: doc $end

    1 doc: directives body

    2 directives: directives DIRECTIVE ENDLN
    3           | directives DIRECTIVE WHITESPACE ENDLN
    4           | directives WHITESPACE ENDLN
    5           | directives ENDLN
    6           | /* empty */

    7 body: body headline_block
    8     | headline_block

    9 headline_block: headline ENDLN headline_body
   10               | headline EOF

   11 headline: STARS todo_state headline_with_priority tags

   12 todo_state: TODO
   13           | /* empty */

   14 headline_with_priority: PRIORITY headline_text
   15                       | headline_text PRIORITY headline_text
   16                       | headline_text PRIORITY
   17                       | headline_text
   18                       | PRIORITY
   19                       | /* empty */

   20 headline_text: headline_text WORD
   21              | headline_text WHITESPACE
   22              | WORD
   23              | WHITESPACE

   24 tags: tags TAG
   25     | /* empty */

   26 headline_body: headline_body ENDLN
   27              | headline_body EOF
   28              | entry
   29              | text
   30              | DEDENT
   31              | ENDLN

   32 text: text WORD
   33     | text WHITESPACE
   34     | WORD
   35     | WHITESPACE

   36 entry: MARKER BLOCK
   37      | MARKER
   38      | MARKER BLOCK INDENT entry


Terminals, with rules where they appear

$end (0) 0
error (256)
ENDLN (258) 2 3 4 5 9 26 31
EOF (259) 10 27
WHITESPACE (260) 3 4 21 23 33 35
DIRECTIVE (261) 2 3
PRIORITY (262) 14 15 16 18
STARS (263) 11
TAG (264) 24
WORD (265) 20 22 32 34
MARKER (266) 36 37 38
DEDENT (267) 30
INDENT (268) 38
TODO (269) 12
DRAWERSTART (270)
DRAWERKEY (271)
DRAWERVALUE (272)
DRAWEREND (273)
BLOCK (274) 36 38


Nonterminals, with rules where they appear

$accept (20)
    on left: 0
doc (21)
    on left: 1, on right: 0
directives (22)
    on left: 2 3 4 5 6, on right: 1 2 3 4 5
body (23)
    on left: 7 8, on right: 1 7
headline_block (24)
    on left: 9 10, on right: 7 8
headline (25)
    on left: 11, on right: 9 10
todo_state (26)
    on left: 12 13, on right: 11
headline_with_priority (27)
    on left: 14 15 16 17 18 19, on right: 11
headline_text (28)
    on left: 20 21 22 23, on right: 14 15 16 17 20 21
tags (29)
    on left: 24 25, on right: 11 24
headline_body (30)
    on left: 26 27 28 29 30 31, on right: 9 26 27
text (31)
    on left: 32 33 34 35, on right: 29 32 33
entry (32)
    on left: 36 37 38, on right: 28 38


state 0

    0 $accept: . doc $end

    $default  reduce using rule 6 (directives)

    doc         go to state 1
    directives  go to state 2


state 1

    0 $accept: doc . $end

    $end  shift, and go to state 3


state 2

    1 doc: directives . body
    2 directives: directives . DIRECTIVE ENDLN
    3           | directives . DIRECTIVE WHITESPACE ENDLN
    4           | directives . WHITESPACE ENDLN
    5           | directives . ENDLN

    ENDLN       shift, and go to state 4
    WHITESPACE  shift, and go to state 5
    DIRECTIVE   shift, and go to state 6
    STARS       shift, and go to state 7

    body            go to state 8
    headline_block  go to state 9
    headline        go to state 10


state 3

    0 $accept: doc $end .

    $default  accept


state 4

    5 directives: directives ENDLN .

    $default  reduce using rule 5 (directives)


state 5

    4 directives: directives WHITESPACE . ENDLN

    ENDLN  shift, and go to state 11


state 6

    2 directives: directives DIRECTIVE . ENDLN
    3           | directives DIRECTIVE . WHITESPACE ENDLN

    ENDLN       shift, and go to state 12
    WHITESPACE  shift, and go to state 13


state 7

   11 headline: STARS . todo_state headline_with_priority tags

    TODO  shift, and go to state 14

    $default  reduce using rule 13 (todo_state)

    todo_state  go to state 15


state 8

    1 doc: directives body .
    7 body: body . headline_block

    STARS  shift, and go to state 7

    $default  reduce using rule 1 (doc)

    headline_block  go to state 16
    headline        go to state 10


state 9

    8 body: headline_block .

    $default  reduce using rule 8 (body)


state 10

    9 headline_block: headline . ENDLN headline_body
   10               | headline . EOF

    ENDLN  shift, and go to state 17
    EOF    shift, and go to state 18


state 11

    4 directives: directives WHITESPACE ENDLN .

    $default  reduce using rule 4 (directives)


state 12

    2 directives: directives DIRECTIVE ENDLN .

    $default  reduce using rule 2 (directives)


state 13

    3 directives: directives DIRECTIVE WHITESPACE . ENDLN

    ENDLN  shift, and go to state 19


state 14

   12 todo_state: TODO .

    $default  reduce using rule 12 (todo_state)


state 15

   11 headline: STARS todo_state . headline_with_priority tags

    WHITESPACE  shift, and go to state 20
    PRIORITY    shift, and go to state 21
    WORD        shift, and go to state 22

    $default  reduce using rule 19 (headline_with_priority)

    headline_with_priority  go to state 23
    headline_text           go to state 24


state 16

    7 body: body headline_block .

    $default  reduce using rule 7 (body)


state 17

    9 headline_block: headline ENDLN . headline_body

    ENDLN       shift, and go to state 25
    WHITESPACE  shift, and go to state 26
    WORD        shift, and go to state 27
    MARKER      shift, and go to state 28
    DEDENT      shift, and go to state 29

    headline_body  go to state 30
    text           go to state 31
    entry          go to state 32


state 18

   10 headline_block: headline EOF .

    $default  reduce using rule 10 (headline_block)


state 19

    3 directives: directives DIRECTIVE WHITESPACE ENDLN .

    $default  reduce using rule 3 (directives)


state 20

   23 headline_text: WHITESPACE .

    $default  reduce using rule 23 (headline_text)


state 21

   14 headline_with_priority: PRIORITY . headline_text
   18                       | PRIORITY .

    WHITESPACE  shift, and go to state 20
    WORD        shift, and go to state 22

    $default  reduce using rule 18 (headline_with_priority)

    headline_text  go to state 33


state 22

   22 headline_text: WORD .

    $default  reduce using rule 22 (headline_text)


state 23

   11 headline: STARS todo_state headline_with_priority . tags

    $default  reduce using rule 25 (tags)

    tags  go to state 34


state 24

   15 headline_with_priority: headline_text . PRIORITY headline_text
   16                       | headline_text . PRIORITY
   17                       | headline_text .
   20 headline_text: headline_text . WORD
   21              | headline_text . WHITESPACE

    WHITESPACE  shift, and go to state 35
    PRIORITY    shift, and go to state 36
    WORD        shift, and go to state 37

    $default  reduce using rule 17 (headline_with_priority)


state 25

   31 headline_body: ENDLN .

    $default  reduce using rule 31 (headline_body)


state 26

   35 text: WHITESPACE .

    $default  reduce using rule 35 (text)


state 27

   34 text: WORD .

    $default  reduce using rule 34 (text)


state 28

   36 entry: MARKER . BLOCK
   37      | MARKER .
   38      | MARKER . BLOCK INDENT entry

    BLOCK  shift, and go to state 38

    $default  reduce using rule 37 (entry)


state 29

   30 headline_body: DEDENT .

    $default  reduce using rule 30 (headline_body)


state 30

    9 headline_block: headline ENDLN headline_body .
   26 headline_body: headline_body . ENDLN
   27              | headline_body . EOF

    ENDLN  shift, and go to state 39
    EOF    shift, and go to state 40

    $default  reduce using rule 9 (headline_block)


state 31

   29 headline_body: text .
   32 text: text . WORD
   33     | text . WHITESPACE

    WHITESPACE  shift, and go to state 41
    WORD        shift, and go to state 42

    $default  reduce using rule 29 (headline_body)


state 32

   28 headline_body: entry .

    $default  reduce using rule 28 (headline_body)


state 33

   14 headline_with_priority: PRIORITY headline_text .
   20 headline_text: headline_text . WORD
   21              | headline_text . WHITESPACE

    WHITESPACE  shift, and go to state 35
    WORD        shift, and go to state 37

    $default  reduce using rule 14 (headline_with_priority)


state 34

   11 headline: STARS todo_state headline_with_priority tags .
   24 tags: tags . TAG

    TAG  shift, and go to state 43

    $default  reduce using rule 11 (headline)


state 35

   21 headline_text: headline_text WHITESPACE .

    $default  reduce using rule 21 (headline_text)


state 36

   15 headline_with_priority: headline_text PRIORITY . headline_text
   16                       | headline_text PRIORITY .

    WHITESPACE  shift, and go to state 20
    WORD        shift, and go to state 22

    $default  reduce using rule 16 (headline_with_priority)

    headline_text  go to state 44


state 37

   20 headline_text: headline_text WORD .

    $default  reduce using rule 20 (headline_text)


state 38

   36 entry: MARKER BLOCK .
   38      | MARKER BLOCK . INDENT entry

    INDENT  shift, and go to state 45

    $default  reduce using rule 36 (entry)


state 39

   26 headline_body: headline_body ENDLN .

    $default  reduce using rule 26 (headline_body)


state 40

   27 headline_body: headline_body EOF .

    $default  reduce using rule 27 (headline_body)


state 41

   33 text: text WHITESPACE .

    $default  reduce using rule 33 (text)


state 42

   32 text: text WORD .

    $default  reduce using rule 32 (text)


state 43

   24 tags: tags TAG .

    $default  reduce using rule 24 (tags)


state 44

   15 headline_with_priority: headline_text PRIORITY headline_text .
   20 headline_text: headline_text . WORD
   21              | headline_text . WHITESPACE

    WHITESPACE  shift, and go to state 35
    WORD        shift, and go to state 37

    $default  reduce using rule 15 (headline_with_priority)


state 45

   38 entry: MARKER BLOCK INDENT . entry

    MARKER  shift, and go to state 28

    entry  go to state 46


state 46

   38 entry: MARKER BLOCK INDENT entry .

    $default  reduce using rule 38 (entry)
